# JRE version: OpenJDK Runtime Environment (8.0_152-b06) (build 1.8.0_152-release-1136-b06)
# Java VM: OpenJDK 64-Bit Server VM (25.152-b06 mixed mode windows-amd64 compressed oops)
Heap:
 PSYoungGen      total 473600K, used 247589K [0x00000000e0000000, 0x0000000100000000, 0x0000000100000000)
  eden space 437248K, 48% used [0x00000000e0000000,0x00000000ece49cd8,0x00000000fab00000)
  from space 36352K, 99% used [0x00000000fd900000,0x00000000ffc7fa28,0x00000000ffc80000)
  to   space 43520K, 0% used [0x00000000fab00000,0x00000000fab00000,0x00000000fd580000)
 ParOldGen       total 238080K, used 112580K [0x00000000a0000000, 0x00000000ae880000, 0x00000000e0000000)
  object space 238080K, 47% used [0x00000000a0000000,0x00000000a6df1188,0x00000000ae880000)
 Metaspace       used 92037K, capacity 97136K, committed 97368K, reserved 1134592K
  class space    used 11837K, capacity 12866K, committed 12928K, reserved 1048576K
GC Heap History (10 events):
Event: 62.997 GC heap before
{Heap before GC invocations=17 (full 3):
 PSYoungGen      total 329728K, used 328735K [0x00000000e0000000, 0x00000000f9980000, 0x0000000100000000)
  eden space 298496K, 99% used [0x00000000e0000000,0x00000000f228f5b0,0x00000000f2380000)
  from space 31232K, 99% used [0x00000000f2380000,0x00000000f41f8930,0x00000000f4200000)
  to   space 41472K, 0% used [0x00000000f7100000,0x00000000f7100000,0x00000000f9980000)
 ParOldGen       total 238080K, used 75840K [0x00000000a0000000, 0x00000000ae880000, 0x00000000e0000000)
  object space 238080K, 31% used [0x00000000a0000000,0x00000000a4a10218,0x00000000ae880000)
 Metaspace       used 88877K, capacity 93570K, committed 93656K, reserved 1130496K
  class space    used 11554K, capacity 12515K, committed 12544K, reserved 1048576K
Event: 63.026 GC heap after
Heap after GC invocations=17 (full 3):
 PSYoungGen      total 379392K, used 19665K [0x00000000e0000000, 0x00000000f9b80000, 0x0000000100000000)
  eden space 337920K, 0% used [0x00000000e0000000,0x00000000e0000000,0x00000000f4a00000)
  from space 41472K, 47% used [0x00000000f7100000,0x00000000f8434578,0x00000000f9980000)
  to   space 39936K, 0% used [0x00000000f4a00000,0x00000000f4a00000,0x00000000f7100000)
 ParOldGen       total 238080K, used 90564K [0x00000000a0000000, 0x00000000ae880000, 0x00000000e0000000)
  object space 238080K, 38% used [0x00000000a0000000,0x00000000a5871288,0x00000000ae880000)
 Metaspace       used 88877K, capacity 93570K, committed 93656K, reserved 1130496K
  class space    used 11554K, capacity 12515K, committed 12544K, reserved 1048576K
}
Event: 63.075 GC heap before
{Heap before GC invocations=18 (full 3):
 PSYoungGen      total 379392K, used 357216K [0x00000000e0000000, 0x00000000f9b80000, 0x0000000100000000)
  eden space 337920K, 99% used [0x00000000e0000000,0x00000000f49a3ca0,0x00000000f4a00000)
  from space 41472K, 47% used [0x00000000f7100000,0x00000000f8434578,0x00000000f9980000)
  to   space 39936K, 0% used [0x00000000f4a00000,0x00000000f4a00000,0x00000000f7100000)
 ParOldGen       total 238080K, used 90564K [0x00000000a0000000, 0x00000000ae880000, 0x00000000e0000000)
  object space 238080K, 38% used [0x00000000a0000000,0x00000000a5871288,0x00000000ae880000)
 Metaspace       used 88886K, capacity 93570K, committed 93656K, reserved 1130496K
  class space    used 11554K, capacity 12515K, committed 12544K, reserved 1048576K
Event: 63.087 GC heap after
Heap after GC invocations=18 (full 3):
 PSYoungGen      total 377856K, used 14692K [0x00000000e0000000, 0x00000000ffb80000, 0x0000000100000000)
  eden space 337920K, 0% used [0x00000000e0000000,0x00000000e0000000,0x00000000f4a00000)
  from space 39936K, 36% used [0x00000000f4a00000,0x00000000f5859270,0x00000000f7100000)
  to   space 38400K, 0% used [0x00000000fd600000,0x00000000fd600000,0x00000000ffb80000)
 ParOldGen       total 238080K, used 90572K [0x00000000a0000000, 0x00000000ae880000, 0x00000000e0000000)
  object space 238080K, 38% used [0x00000000a0000000,0x00000000a5873288,0x00000000ae880000)
 Metaspace       used 88886K, capacity 93570K, committed 93656K, reserved 1130496K
  class space    used 11554K, capacity 12515K, committed 12544K, reserved 1048576K
}
Event: 417.904 GC heap before
{Heap before GC invocations=19 (full 3):
 PSYoungGen      total 377856K, used 352612K [0x00000000e0000000, 0x00000000ffb80000, 0x0000000100000000)
  eden space 337920K, 100% used [0x00000000e0000000,0x00000000f4a00000,0x00000000f4a00000)
  from space 39936K, 36% used [0x00000000f4a00000,0x00000000f5859270,0x00000000f7100000)
  to   space 38400K, 0% used [0x00000000fd600000,0x00000000fd600000,0x00000000ffb80000)
 ParOldGen       total 238080K, used 90572K [0x00000000a0000000, 0x00000000ae880000, 0x00000000e0000000)
  object space 238080K, 38% used [0x00000000a0000000,0x00000000a5873288,0x00000000ae880000)
 Metaspace       used 89957K, capacity 94704K, committed 94808K, reserved 1132544K
  class space    used 11651K, capacity 12632K, committed 12672K, reserved 1048576K
Event: 417.921 GC heap after
Heap after GC invocations=19 (full 3):
 PSYoungGen      total 481792K, used 9080K [0x00000000e0000000, 0x00000000ffd80000, 0x0000000100000000)
  eden space 443392K, 0% used [0x00000000e0000000,0x00000000e0000000,0x00000000fb100000)
  from space 38400K, 23% used [0x00000000fd600000,0x00000000fdede038,0x00000000ffb80000)
  to   space 37888K, 0% used [0x00000000fb100000,0x00000000fb100000,0x00000000fd600000)
 ParOldGen       total 238080K, used 102488K [0x00000000a0000000, 0x00000000ae880000, 0x00000000e0000000)
  object space 238080K, 43% used [0x00000000a0000000,0x00000000a6416398,0x00000000ae880000)
 Metaspace       used 89957K, capacity 94704K, committed 94808K, reserved 1132544K
  class space    used 11651K, capacity 12632K, committed 12672K, reserved 1048576K
}
Event: 420.315 GC heap before
{Heap before GC invocations=20 (full 3):
 PSYoungGen      total 481792K, used 451581K [0x00000000e0000000, 0x00000000ffd80000, 0x0000000100000000)
  eden space 443392K, 99% used [0x00000000e0000000,0x00000000fb0216c0,0x00000000fb100000)
  from space 38400K, 23% used [0x00000000fd600000,0x00000000fdede038,0x00000000ffb80000)
  to   space 37888K, 0% used [0x00000000fb100000,0x00000000fb100000,0x00000000fd600000)
 ParOldGen       total 238080K, used 102488K [0x00000000a0000000, 0x00000000ae880000, 0x00000000e0000000)
  object space 238080K, 43% used [0x00000000a0000000,0x00000000a6416398,0x00000000ae880000)
 Metaspace       used 90803K, capacity 95718K, committed 95960K, reserved 1132544K
  class space    used 11704K, capacity 12719K, committed 12800K, reserved 1048576K
Event: 420.329 GC heap after
Heap after GC invocations=20 (full 3):
 PSYoungGen      total 481280K, used 14049K [0x00000000e0000000, 0x00000000ffc80000, 0x0000000100000000)
  eden space 443392K, 0% used [0x00000000e0000000,0x00000000e0000000,0x00000000fb100000)
  from space 37888K, 37% used [0x00000000fb100000,0x00000000fbeb86d0,0x00000000fd600000)
  to   space 36352K, 0% used [0x00000000fd900000,0x00000000fd900000,0x00000000ffc80000)
 ParOldGen       total 238080K, used 107219K [0x00000000a0000000, 0x00000000ae880000, 0x00000000e0000000)
  object space 238080K, 45% used [0x00000000a0000000,0x00000000a68b4ed8,0x00000000ae880000)
 Metaspace       used 90803K, capacity 95718K, committed 95960K, reserved 1132544K
  class space    used 11704K, capacity 12719K, committed 12800K, reserved 1048576K
}
Event: 821.045 GC heap before
{Heap before GC invocations=21 (full 3):
 PSYoungGen      total 481280K, used 457441K [0x00000000e0000000, 0x00000000ffc80000, 0x0000000100000000)
  eden space 443392K, 100% used [0x00000000e0000000,0x00000000fb100000,0x00000000fb100000)
  from space 37888K, 37% used [0x00000000fb100000,0x00000000fbeb86d0,0x00000000fd600000)
  to   space 36352K, 0% used [0x00000000fd900000,0x00000000fd900000,0x00000000ffc80000)
 ParOldGen       total 238080K, used 107219K [0x00000000a0000000, 0x00000000ae880000, 0x00000000e0000000)
  object space 238080K, 45% used [0x00000000a0000000,0x00000000a68b4ed8,0x00000000ae880000)
 Metaspace       used 91717K, capacity 96866K, committed 97112K, reserved 1134592K
  class space    used 11813K, capacity 12835K, committed 12928K, reserved 1048576K
Event: 821.072 GC heap after
Heap after GC invocations=21 (full 3):
 PSYoungGen      total 473600K, used 36350K [0x00000000e0000000, 0x0000000100000000, 0x0000000100000000)
  eden space 437248K, 0% used [0x00000000e0000000,0x00000000e0000000,0x00000000fab00000)
  from space 36352K, 99% used [0x00000000fd900000,0x00000000ffc7fa28,0x00000000ffc80000)
  to   space 43520K, 0% used [0x00000000fab00000,0x00000000fab00000,0x00000000fd580000)
 ParOldGen       total 238080K, used 112580K [0x00000000a0000000, 0x00000000ae880000, 0x00000000e0000000)
  object space 238080K, 47% used [0x00000000a0000000,0x00000000a6df1188,0x00000000ae880000)
 Metaspace       used 91717K, capacity 96866K, committed 97112K, reserved 1134592K
  class space    used 11813K, capacity 12835K, committed 12928K, reserved 1048576K
}

